INFO:root:Application started.
INFO:root:GUI is starting.
INFO:root:Application is quitting.
INFO:root:Application started.
INFO:root:GUI is starting.
INFO:root:Application is quitting.
INFO:root:Application started.
INFO:root:GUI is starting.
INFO:root:Application is quitting.
INFO:root:Application started.
INFO:root:GUI is starting.
INFO:root:Application is quitting.
2023-12-03 18:45:54 [INFO]: Application started.
2023-12-03 18:45:54 [INFO]: GUI is starting.
2023-12-03 18:45:59 [INFO]: Application is quitting.
2023-12-03 18:59:56 [INFO]: GUI is starting.
2023-12-03 19:00:50 [ERROR]: An error occurred: name 'root' is not defined
Traceback (most recent call last):
  File "/home/gmorey/Downloads/Repositorios_GitHub/TP/plot_shower.py", line 16, in create_and_show_plot
    window = Toplevel(root)
NameError: name 'root' is not defined
2023-12-03 19:01:04 [ERROR]: An error occurred: name 'root' is not defined
Traceback (most recent call last):
  File "/home/gmorey/Downloads/Repositorios_GitHub/TP/plot_shower.py", line 16, in create_and_show_plot
    window = Toplevel(root)
NameError: name 'root' is not defined
2023-12-03 19:02:41 [INFO]: Application is quitting.
2023-12-03 19:02:44 [INFO]: Application is quitting.
2023-12-03 19:02:45 [INFO]: Application is quitting.
2023-12-03 19:02:45 [INFO]: Application is quitting.
2023-12-03 19:04:29 [INFO]: GUI is starting.
2023-12-03 19:04:34 [INFO]: Application is quitting.
2023-12-03 19:06:08 [INFO]: GUI is starting.
2023-12-03 19:06:13 [INFO]: Application is quitting.
2023-12-03 19:06:34 [INFO]: Application started.
2023-12-03 19:06:34 [INFO]: GUI is starting.
2023-12-03 19:06:46 [INFO]: Application is quitting.
2023-12-03 19:07:03 [INFO]: GUI is starting.
2023-12-03 19:07:08 [INFO]: Application is quitting.
2023-12-03 19:19:13 [INFO]: GUI is starting.
2023-12-03 19:19:19 [INFO]: Application is quitting.
2023-12-03 19:19:43 [INFO]: GUI is starting.
2023-12-03 19:19:49 [INFO]: Application is quitting.
2023-12-03 21:07:10 [INFO]: Logging has been set up.
2023-12-03 21:07:10 [INFO]: GUI is starting.
2023-12-03 21:07:15 [INFO]: Application is quitting.
2023-12-03 21:15:59 [INFO]: Logging has been set up.
2023-12-03 21:15:59 [INFO]: GUI is starting.
2023-12-03 21:16:04 [INFO]: Application is quitting.
2023-12-03 21:16:28 [INFO]: Logging has been set up.
2023-12-03 21:16:28 [INFO]: GUI is starting.
2023-12-03 21:16:33 [INFO]: Application is quitting.
2023-12-03 21:38:13 [INFO]: Logging has been set up.
2023-12-03 21:38:13 [INFO]: GUI is starting.
2023-12-03 21:38:19 [INFO]: Application is quitting.
2023-12-03 21:45:24 [INFO]: Logging has been set up.
2023-12-03 21:45:24 [INFO]: GUI is starting.
2023-12-03 21:45:34 [INFO]: Application is quitting.
2023-12-03 21:46:14 [INFO]: Logging has been set up.
2023-12-03 21:46:14 [INFO]: GUI is starting.
2023-12-03 21:46:20 [INFO]: Application is quitting.
2023-12-03 21:52:22 [INFO]: Logging has been set up.
2023-12-03 21:52:22 [INFO]: Main starting...
2023-12-03 21:52:22 [INFO]: GUI is starting.
2023-12-03 21:52:25 [INFO]: Application is quitting.
