2023-12-18 16:43:38 [ERROR]: HTTP error occurred: 401 Client Error: Unauthorized for url: https://rest.coinapi.io/v1/symbols/?X-CoinAPI-Key=4B82844F-2761-494A-A92F-DC0C8EB93910&Accept=application%2Fjson
2023-12-18 16:47:12 [ERROR]: HTTP error occurred: 401 Client Error: Unauthorized for url: https://rest.coinapi.io/v1/symbols/?X-CoinAPI-Key=4B82844F-2761-494A-A92F-DC0C8EB93910&Accept=application%2Fjson
2023-12-18 16:47:42 [ERROR]: HTTP error occurred: 401 Client Error: Unauthorized for url: https://rest.coinapi.io/v1/symbols/?X-CoinAPI-Key=4B82844F-2761-494A-A92F-DC0C8EB93910&Accept=application%2Fjson
2023-12-18 16:50:21 [ERROR]: HTTP error occurred: 401 Client Error: Unauthorized for url: https://rest.coinapi.io/v1/symbols?X-CoinAPI-Key=4B82844F-2761-494A-A92F-DC0C8EB93910&Accept=application%2Fjson
2023-12-18 16:54:29 [ERROR]: HTTP error occurred: 401 Client Error: Unauthorized for url: https://rest.coinapi.io/v1/symbols?X-CoinAPI-Key=4B82844F-2761-494A-A92F-DC0C8EB93910&Accept=application%2Fjson
2023-12-18 17:01:55 [ERROR]: HTTP error occurred: 401 Client Error: Unauthorized for url: https://rest.coinapi.io/v1/symbols/?X-CoinAPI-Key=4B82844F-2761-494A-A92F-DC0C8EB93910&Accept=application%2Fjson
2023-12-18 17:02:44 [ERROR]: HTTP error occurred: 401 Client Error: Unauthorized for url: https://rest.coinapi.io/v1/symbols?X-CoinAPI-Key=4B82844F-2761-494A-A92F-DC0C8EB93910&Accept=application%2Fjson
2023-12-18 17:18:45 [ERROR]: HTTP error occurred: 401 Client Error: Unauthorized for url: https://rest.coinapi.io/v1/symbols?X-CoinAPI-Key=4B82844F-2761-494A-A92F-DC0C8EB93910&Accept=application%2Fjson
2023-12-18 17:34:03 [INFO]: URL = https://rest.coinapi.io/v1/symbols/apikey-4B82844F-2761-494A-A92F-DC0C8EB93910
2023-12-18 17:34:15 [INFO]: Status Code: 200
2023-12-18 17:34:15 [INFO]: Headers: {'content-type': 'application/json; charset=utf-8', 'date': 'Mon, 18 Dec 2023 20:34:05 GMT', 'content-encoding': 'gzip', 'transfer-encoding': 'chunked', 'vary': 'Accept-Encoding', 'x-concurrencylimit-limit': '1', 'x-concurrencylimit-remaining': '1', 'x-ratelimit-limit': '100', 'x-ratelimit-request-cost': '1'}
2023-12-18 17:39:58 [INFO]: URL = https://rest.coinapi.io/v1/symbols/apikey-4B82844F-2761-494A-A92F-DC0C8EB93910
2023-12-18 17:40:10 [INFO]: Status Code: 200
2023-12-18 17:40:10 [INFO]: Headers: {'content-type': 'application/json; charset=utf-8', 'date': 'Mon, 18 Dec 2023 20:39:59 GMT', 'content-encoding': 'gzip', 'transfer-encoding': 'chunked', 'vary': 'Accept-Encoding', 'x-concurrencylimit-limit': '1', 'x-concurrencylimit-remaining': '1', 'x-ratelimit-limit': '100', 'x-ratelimit-request-cost': '1'}
2023-12-18 17:48:50 [INFO]: URL = https://rest.coinapi.io/v1/symbols/apikey-4B82844F-2761-494A-A92F-DC0C8EB93910
2023-12-18 17:49:02 [INFO]: Status Code: 200
2023-12-18 17:49:02 [INFO]: Headers: {'content-type': 'application/json; charset=utf-8', 'date': 'Mon, 18 Dec 2023 20:48:51 GMT', 'content-encoding': 'gzip', 'transfer-encoding': 'chunked', 'vary': 'Accept-Encoding', 'x-concurrencylimit-limit': '1', 'x-concurrencylimit-remaining': '1', 'x-ratelimit-limit': '100', 'x-ratelimit-request-cost': '1'}
2023-12-18 17:49:38 [INFO]: URL = https://rest.coinapi.io/v1/symbols/apikey-4B82844F-2761-494A-A92F-DC0C8EB93910
2023-12-18 17:49:48 [INFO]: Status Code: 200
2023-12-18 17:49:48 [INFO]: Headers: {'content-type': 'application/json; charset=utf-8', 'date': 'Mon, 18 Dec 2023 20:49:39 GMT', 'content-encoding': 'gzip', 'transfer-encoding': 'chunked', 'vary': 'Accept-Encoding', 'x-concurrencylimit-limit': '1', 'x-concurrencylimit-remaining': '1', 'x-ratelimit-limit': '100', 'x-ratelimit-remaining': '66', 'x-ratelimit-used': '34', 'x-ratelimit-reset': '2023-12-19T20:49:38.4539094Z', 'x-ratelimit-request-cost': '1'}
2023-12-18 18:08:39 [INFO]: URL = https://rest.coinapi.io/v1/symbols/apikey-4B82844F-2761-494A-A92F-DC0C8EB93910
2023-12-18 18:08:55 [INFO]: Status Code: 200
2023-12-18 18:08:55 [INFO]: Headers: {'content-type': 'application/json; charset=utf-8', 'date': 'Mon, 18 Dec 2023 21:08:42 GMT', 'content-encoding': 'gzip', 'transfer-encoding': 'chunked', 'vary': 'Accept-Encoding', 'x-concurrencylimit-limit': '1', 'x-concurrencylimit-remaining': '1', 'x-ratelimit-limit': '100', 'x-ratelimit-request-cost': '1'}
2023-12-18 18:10:00 [INFO]: URL = https://rest.coinapi.io/v1/symbols/apikey-4B82844F-2761-494A-A92F-DC0C8EB93910
2023-12-18 18:10:13 [INFO]: Status Code: 200
2023-12-18 18:10:13 [INFO]: Headers: {'content-type': 'application/json; charset=utf-8', 'date': 'Mon, 18 Dec 2023 21:10:01 GMT', 'content-encoding': 'gzip', 'transfer-encoding': 'chunked', 'vary': 'Accept-Encoding', 'x-concurrencylimit-limit': '1', 'x-concurrencylimit-remaining': '1', 'x-ratelimit-limit': '100', 'x-ratelimit-request-cost': '1'}
2023-12-18 18:12:02 [INFO]: URL = https://rest.coinapi.io/v1/symbols/apikey-4B82844F-2761-494A-A92F-DC0C8EB93910
2023-12-18 18:12:14 [INFO]: Status Code: 200
2023-12-18 18:12:14 [INFO]: Headers: {'content-type': 'application/json; charset=utf-8', 'date': 'Mon, 18 Dec 2023 21:12:04 GMT', 'content-encoding': 'gzip', 'transfer-encoding': 'chunked', 'vary': 'Accept-Encoding', 'x-concurrencylimit-limit': '1', 'x-concurrencylimit-remaining': '1', 'x-ratelimit-limit': '100', 'x-ratelimit-request-cost': '1'}
2023-12-18 18:15:35 [INFO]: URL = https://rest.coinapi.io/v1/symbols/apikey-4B82844F-2761-494A-A92F-DC0C8EB93910
2023-12-18 18:15:52 [INFO]: Status Code: 200
2023-12-18 18:15:52 [INFO]: Headers: {'content-type': 'application/json; charset=utf-8', 'date': 'Mon, 18 Dec 2023 21:15:41 GMT', 'content-encoding': 'gzip', 'transfer-encoding': 'chunked', 'vary': 'Accept-Encoding', 'x-concurrencylimit-limit': '1', 'x-concurrencylimit-remaining': '1', 'x-ratelimit-limit': '100', 'x-ratelimit-request-cost': '1'}
2023-12-18 18:19:02 [INFO]: URL = https://rest.coinapi.io/v1/symbols/apikey-4B82844F-2761-494A-A92F-DC0C8EB93910
2023-12-18 18:19:16 [INFO]: Status Code: 200
2023-12-18 18:19:16 [INFO]: Headers: {'content-type': 'application/json; charset=utf-8', 'date': 'Mon, 18 Dec 2023 21:19:04 GMT', 'content-encoding': 'gzip', 'transfer-encoding': 'chunked', 'vary': 'Accept-Encoding', 'x-concurrencylimit-limit': '1', 'x-concurrencylimit-remaining': '1', 'x-ratelimit-limit': '100', 'x-ratelimit-request-cost': '1'}
2023-12-18 18:23:22 [INFO]: URL = https://rest.coinapi.io/v1/symbols/apikey-4B82844F-2761-494A-A92F-DC0C8EB93910
2023-12-18 18:23:35 [INFO]: Status Code: 200
2023-12-18 18:23:35 [INFO]: Headers: {'content-type': 'application/json; charset=utf-8', 'date': 'Mon, 18 Dec 2023 21:23:23 GMT', 'content-encoding': 'gzip', 'transfer-encoding': 'chunked', 'vary': 'Accept-Encoding', 'x-concurrencylimit-limit': '1', 'x-concurrencylimit-remaining': '1', 'x-ratelimit-limit': '100', 'x-ratelimit-request-cost': '1'}
2023-12-18 21:03:56 [INFO]: URL = https://rest.coinapi.io/v1/symbols/apikey-4B82844F-2761-494A-A92F-DC0C8EB93910
2023-12-18 21:04:08 [INFO]: Status Code: 200
2023-12-18 21:04:08 [INFO]: Headers: {'content-type': 'application/json; charset=utf-8', 'date': 'Tue, 19 Dec 2023 00:03:58 GMT', 'content-encoding': 'gzip', 'transfer-encoding': 'chunked', 'vary': 'Accept-Encoding', 'x-concurrencylimit-limit': '1', 'x-concurrencylimit-remaining': '1', 'x-ratelimit-limit': '100', 'x-ratelimit-request-cost': '1'}
